[debug] [2020-04-20T07:10:05.259Z] ----------------------------------------------------------------------
[debug] [2020-04-20T07:10:05.276Z] Command:       /home/dhara/.nvm/versions/node/v13.12.0/bin/node /home/dhara/.nvm/versions/node/v13.12.0/bin/firebase deploy
[debug] [2020-04-20T07:10:05.280Z] CLI Version:   8.1.1
[debug] [2020-04-20T07:10:05.281Z] Platform:      linux
[debug] [2020-04-20T07:10:05.282Z] Node Version:  v13.12.0
[debug] [2020-04-20T07:10:05.285Z] Time:          Mon Apr 20 2020 12:40:05 GMT+0530 (India Standard Time)
[debug] [2020-04-20T07:10:05.287Z] ----------------------------------------------------------------------
[debug] [2020-04-20T07:10:05.288Z] 
[debug] [2020-04-20T07:10:05.348Z] > command requires scopes: ["email","openid","https://www.googleapis.com/auth/cloudplatformprojects.readonly","https://www.googleapis.com/auth/firebase","https://www.googleapis.com/auth/cloud-platform"]
[debug] [2020-04-20T07:10:05.349Z] > authorizing via signed-in user
[debug] [2020-04-20T07:10:05.349Z] [iam] checking project crwn-db-f6657 for permissions ["firebase.projects.get","firebasehosting.sites.update"]
[debug] [2020-04-20T07:10:05.352Z] > refreshing access token with scopes: ["email","https://www.googleapis.com/auth/cloud-platform","https://www.googleapis.com/auth/cloudplatformprojects.readonly","https://www.googleapis.com/auth/firebase","openid"]
[debug] [2020-04-20T07:10:05.353Z] >>> HTTP REQUEST POST https://www.googleapis.com/oauth2/v3/token  
 <request body omitted>
[debug] [2020-04-20T07:10:05.635Z] <<< HTTP RESPONSE 200 {"content-type":"application/json; charset=utf-8","vary":"X-Origin, Referer, Origin,Accept-Encoding","date":"Mon, 20 Apr 2020 07:10:05 GMT","server":"scaffolding on HTTPServer2","cache-control":"private","x-xss-protection":"0","x-frame-options":"SAMEORIGIN","x-content-type-options":"nosniff","alt-svc":"quic=\":443\"; ma=2592000; v=\"46,43\",h3-Q050=\":443\"; ma=2592000,h3-Q049=\":443\"; ma=2592000,h3-Q048=\":443\"; ma=2592000,h3-Q046=\":443\"; ma=2592000,h3-Q043=\":443\"; ma=2592000,h3-T050=\":443\"; ma=2592000","accept-ranges":"none","transfer-encoding":"chunked"}
[debug] [2020-04-20T07:10:05.706Z] >>> HTTP REQUEST POST https://cloudresourcemanager.googleapis.com/v1/projects/crwn-db-f6657:testIamPermissions  
 {"permissions":["firebase.projects.get","firebasehosting.sites.update"]}
[debug] [2020-04-20T07:10:07.545Z] <<< HTTP RESPONSE 200 {"content-type":"application/json; charset=UTF-8","vary":"X-Origin, Referer, Origin,Accept-Encoding","date":"Mon, 20 Apr 2020 07:10:07 GMT","server":"ESF","cache-control":"private","x-xss-protection":"0","x-frame-options":"SAMEORIGIN","x-content-type-options":"nosniff","server-timing":"gfet4t7; dur=1521","alt-svc":"quic=\":443\"; ma=2592000; v=\"46,43\",h3-Q050=\":443\"; ma=2592000,h3-Q049=\":443\"; ma=2592000,h3-Q048=\":443\"; ma=2592000,h3-Q046=\":443\"; ma=2592000,h3-Q043=\":443\"; ma=2592000,h3-T050=\":443\"; ma=2592000","accept-ranges":"none","transfer-encoding":"chunked"}
[debug] [2020-04-20T07:10:07.554Z] >>> HTTP REQUEST GET https://firebase.googleapis.com/v1beta1/projects/crwn-db-f6657  
 
[debug] [2020-04-20T07:10:08.157Z] <<< HTTP RESPONSE 200 {"content-type":"application/json; charset=UTF-8","vary":"X-Origin, Referer, Origin,Accept-Encoding","date":"Mon, 20 Apr 2020 07:10:08 GMT","server":"ESF","cache-control":"private","x-xss-protection":"0","x-frame-options":"SAMEORIGIN","x-content-type-options":"nosniff","alt-svc":"quic=\":443\"; ma=2592000; v=\"46,43\",h3-Q050=\":443\"; ma=2592000,h3-Q049=\":443\"; ma=2592000,h3-Q048=\":443\"; ma=2592000,h3-Q046=\":443\"; ma=2592000,h3-Q043=\":443\"; ma=2592000,h3-T050=\":443\"; ma=2592000","accept-ranges":"none","transfer-encoding":"chunked"}
[info] 
[info] === Deploying to 'crwn-db-f6657'...
[info] 
[info] i  deploying hosting
[debug] [2020-04-20T07:10:08.161Z] >>> HTTP REQUEST POST https://firebasehosting.googleapis.com/v1beta1/sites/crwn-db-f6657/versions  
 {"config":{"rewrites":[{"glob":"**","path":"/index.html"}]},"labels":{"deployment-tool":"cli-firebase"}}
